TN:
SF:src/main.ts
FN:1,(empty-report)
FNF:1
FNH:0
FNDA:0,(empty-report)
DA:1,0
DA:2,0
DA:3,0
DA:4,0
LF:4
LH:0
BRDA:1,0,0,0
BRF:1
BRH:0
end_of_record
TN:
SF:src/mitt.ts
FNF:0
FNH:0
DA:1,1
DA:2,1
DA:3,1
LF:3
LH:3
BRF:0
BRH:0
end_of_record
TN:
SF:src/components/Mindmap/Listener.ts
FN:1,(empty-report)
FNF:1
FNH:0
FNDA:0,(empty-report)
DA:1,0
DA:2,0
DA:3,0
DA:4,0
DA:5,0
DA:6,0
DA:7,0
DA:8,0
DA:9,0
DA:10,0
DA:11,0
DA:12,0
DA:13,0
DA:14,0
DA:15,0
DA:16,0
DA:17,0
LF:17
LH:0
BRDA:1,0,0,0
BRF:1
BRH:0
end_of_record
TN:
SF:src/components/Mindmap/d3.ts
FNF:0
FNH:0
DA:1,1
DA:2,1
DA:3,1
DA:4,1
DA:5,1
DA:6,1
LF:6
LH:6
BRF:0
BRH:0
end_of_record
TN:
SF:src/components/Mindmap/index.ts
FN:1,(empty-report)
FNF:1
FNH:0
FNDA:0,(empty-report)
DA:1,0
DA:2,0
LF:2
LH:0
BRDA:1,0,0,0
BRF:1
BRH:0
end_of_record
TN:
SF:src/components/Mindmap/tool.ts
FN:1,(empty-report)
FNF:1
FNH:0
FNDA:0,(empty-report)
DA:1,0
DA:2,0
DA:3,0
DA:4,0
DA:5,0
DA:6,0
DA:7,0
DA:8,0
DA:9,0
DA:10,0
DA:11,0
DA:12,0
DA:13,0
DA:14,0
DA:15,0
DA:16,0
DA:17,0
DA:18,0
DA:19,0
DA:20,0
DA:21,0
DA:22,0
DA:23,0
DA:24,0
DA:25,0
DA:26,0
DA:27,0
DA:28,0
DA:29,0
DA:30,0
DA:31,0
DA:32,0
DA:33,0
DA:34,0
DA:35,0
DA:36,0
DA:37,0
DA:38,0
DA:39,0
DA:40,0
DA:41,0
DA:42,0
DA:43,0
DA:44,0
DA:45,0
DA:46,0
DA:47,0
DA:48,0
DA:49,0
DA:50,0
DA:51,0
DA:52,0
DA:53,0
DA:54,0
DA:55,0
DA:56,0
DA:57,0
DA:58,0
DA:59,0
DA:60,0
DA:61,0
DA:62,0
DA:63,0
DA:64,0
DA:65,0
DA:66,0
DA:67,0
DA:68,0
DA:69,0
DA:70,0
DA:71,0
LF:71
LH:0
BRDA:1,0,0,0
BRF:1
BRH:0
end_of_record
TN:
SF:src/components/Mindmap/variable.ts
FN:12,curveStepLink
FNF:1
FNH:0
FNDA:0,curveStepLink
DA:1,1
DA:2,1
DA:3,1
DA:4,1
DA:5,1
DA:6,1
DA:7,1
DA:8,1
DA:9,1
DA:10,1
DA:11,1
DA:12,1
DA:13,1
DA:14,1
DA:15,1
DA:16,1
DA:17,1
DA:18,1
DA:19,1
DA:20,1
DA:21,1
DA:22,1
DA:23,1
DA:24,1
DA:25,0
DA:26,0
DA:27,0
DA:28,1
DA:29,0
DA:30,0
DA:31,0
DA:32,0
DA:33,0
DA:34,0
LF:34
LH:25
BRF:0
BRH:0
end_of_record
TN:
SF:src/components/Mindmap/attribute/get.ts
FN:1,(empty-report)
FNF:1
FNH:0
FNDA:0,(empty-report)
DA:1,0
DA:2,0
DA:3,0
DA:4,0
DA:5,0
DA:6,0
DA:7,0
DA:8,0
DA:9,0
DA:10,0
DA:11,0
DA:12,0
DA:13,0
DA:14,0
DA:15,0
DA:16,0
DA:17,0
DA:18,0
DA:19,0
DA:20,0
DA:21,0
DA:22,0
DA:23,0
DA:24,0
DA:25,0
DA:26,0
DA:27,0
DA:28,0
DA:29,0
DA:30,0
DA:31,0
DA:32,0
DA:33,0
DA:34,0
DA:35,0
DA:36,0
DA:37,0
DA:38,0
DA:39,0
DA:40,0
DA:41,0
DA:42,0
DA:43,0
DA:44,0
LF:44
LH:0
BRDA:1,0,0,0
BRF:1
BRH:0
end_of_record
TN:
SF:src/components/Mindmap/attribute/index.ts
FN:1,(empty-report)
FNF:1
FNH:0
FNDA:0,(empty-report)
DA:1,0
DA:2,0
LF:2
LH:0
BRDA:1,0,0,0
BRF:1
BRH:0
end_of_record
TN:
SF:src/components/Mindmap/attribute/set.ts
FN:1,(empty-report)
FNF:1
FNH:0
FNDA:0,(empty-report)
DA:1,0
DA:2,0
DA:3,0
DA:4,0
DA:5,0
DA:6,0
DA:7,0
DA:8,0
DA:9,0
DA:10,0
DA:11,0
DA:12,0
DA:13,0
DA:14,0
DA:15,0
DA:16,0
DA:17,0
DA:18,0
DA:19,0
DA:20,0
DA:21,0
DA:22,0
DA:23,0
DA:24,0
DA:25,0
DA:26,0
DA:27,0
DA:28,0
DA:29,0
DA:30,0
DA:31,0
DA:32,0
DA:33,0
DA:34,0
DA:35,0
DA:36,0
DA:37,0
DA:38,0
DA:39,0
DA:40,0
DA:41,0
DA:42,0
DA:43,0
DA:44,0
DA:45,0
DA:46,0
DA:47,0
DA:48,0
DA:49,0
DA:50,0
DA:51,0
DA:52,0
DA:53,0
LF:53
LH:0
BRDA:1,0,0,0
BRF:1
BRH:0
end_of_record
TN:
SF:src/components/Mindmap/data/ImData.ts
FN:24,initTreeData
FN:45,init
FN:85,swapWidthAndHeight
FN:89,swapXAndY
FN:93,renewDelta
FN:103,renewId
FN:107,renewColor
FN:123,traverse
FN:139,getLayout
FN:149,ImData
FN:157,Object.<anonymous>.ImData.setBoundingBox
FN:162,Object.<anonymous>.ImData.find
FN:175,Object.<anonymous>.ImData.rename
FN:193,Object.<anonymous>.ImData.reparent
FN:213,Object.<anonymous>.ImData.move
FN:238,Object.<anonymous>.ImData.add
FN:275,Object.<anonymous>.ImData.renew
FN:282,Object.<anonymous>.ImData.delete
FNF:18
FNH:11
FNDA:25,initTreeData
FNDA:25,init
FNDA:52,swapWidthAndHeight
FNDA:26,swapXAndY
FNDA:26,renewDelta
FNDA:0,renewId
FNDA:0,renewColor
FNDA:52,traverse
FNDA:1,getLayout
FNDA:1,ImData
FNDA:0,Object.<anonymous>.ImData.setBoundingBox
FNDA:2,Object.<anonymous>.ImData.find
FNDA:0,Object.<anonymous>.ImData.rename
FNDA:0,Object.<anonymous>.ImData.reparent
FNDA:0,Object.<anonymous>.ImData.move
FNDA:1,Object.<anonymous>.ImData.add
FNDA:1,Object.<anonymous>.ImData.renew
FNDA:0,Object.<anonymous>.ImData.delete
DA:1,1
DA:2,1
DA:3,1
DA:4,1
DA:5,1
DA:6,1
DA:7,1
DA:8,1
DA:9,1
DA:10,1
DA:11,1
DA:12,1
DA:13,1
DA:14,1
DA:15,1
DA:16,1
DA:17,1
DA:18,1
DA:19,1
DA:20,1
DA:21,1
DA:22,1
DA:23,1
DA:24,25
DA:25,25
DA:26,25
DA:27,25
DA:28,25
DA:29,25
DA:30,25
DA:31,25
DA:32,25
DA:33,25
DA:34,25
DA:35,25
DA:36,5
DA:37,5
DA:38,24
DA:39,5
DA:40,5
DA:41,25
DA:42,25
DA:43,25
DA:44,1
DA:45,1
DA:46,25
DA:47,25
DA:48,25
DA:49,25
DA:50,25
DA:51,25
DA:52,25
DA:53,24
DA:54,24
DA:55,24
DA:56,24
DA:57,24
DA:58,25
DA:59,25
DA:60,25
DA:61,25
DA:62,25
DA:63,25
DA:64,25
DA:65,25
DA:66,25
DA:67,25
DA:68,25
DA:69,25
DA:70,25
DA:71,25
DA:72,25
DA:73,25
DA:74,25
DA:75,25
DA:76,25
DA:77,5
DA:78,5
DA:79,24
DA:80,5
DA:81,5
DA:82,25
DA:83,25
DA:84,1
DA:85,1
DA:86,52
DA:87,52
DA:88,1
DA:89,1
DA:90,26
DA:91,26
DA:92,1
DA:93,1
DA:94,26
DA:95,25
DA:96,25
DA:97,26
DA:98,1
DA:99,1
DA:100,1
DA:101,26
DA:102,1
DA:103,1
DA:104,0
DA:105,0
DA:106,1
DA:107,1
DA:108,0
DA:109,0
DA:110,0
DA:111,0
DA:112,0
DA:113,0
DA:114,0
DA:115,0
DA:116,1
DA:117,1
DA:118,1
DA:119,1
DA:120,1
DA:121,1
DA:122,1
DA:123,1
DA:124,52
DA:125,52
DA:126,52
DA:127,12
DA:128,50
DA:129,50
DA:130,0
DA:131,50
DA:132,50
DA:133,50
DA:134,50
DA:135,50
DA:136,12
DA:137,52
DA:138,1
DA:139,1
DA:140,1
DA:141,1
DA:142,1
DA:143,1
DA:144,1
DA:145,1
DA:146,1
DA:147,1
DA:148,1
DA:149,1
DA:150,1
DA:151,1
DA:152,1
DA:153,1
DA:154,1
DA:155,1
DA:156,1
DA:157,1
DA:158,0
DA:159,0
DA:160,0
DA:161,1
DA:162,1
DA:163,2
DA:164,2
DA:165,2
DA:166,3
DA:167,3
DA:168,3
DA:169,0
DA:170,0
DA:171,3
DA:172,2
DA:173,2
DA:174,1
DA:175,1
DA:176,0
DA:177,0
DA:178,0
DA:179,0
DA:180,0
DA:181,0
DA:182,0
DA:183,0
DA:184,0
DA:185,0
DA:186,0
DA:187,0
DA:188,0
DA:189,0
DA:190,0
DA:191,0
DA:192,1
DA:193,1
DA:194,0
DA:195,0
DA:196,0
DA:197,0
DA:198,0
DA:199,0
DA:200,0
DA:201,0
DA:202,0
DA:203,0
DA:204,0
DA:205,0
DA:206,0
DA:207,0
DA:208,0
DA:209,0
DA:210,0
DA:211,0
DA:212,1
DA:213,1
DA:214,0
DA:215,0
DA:216,0
DA:217,0
DA:218,0
DA:219,0
DA:220,0
DA:221,0
DA:222,0
DA:223,0
DA:224,0
DA:225,0
DA:226,0
DA:227,0
DA:228,0
DA:229,0
DA:230,0
DA:231,0
DA:232,0
DA:233,0
DA:234,0
DA:235,0
DA:236,0
DA:237,1
DA:238,1
DA:239,1
DA:240,1
DA:241,1
DA:242,1
DA:243,1
DA:244,1
DA:245,1
DA:246,1
DA:247,1
DA:248,1
DA:249,1
DA:250,1
DA:251,1
DA:252,1
DA:253,1
DA:254,1
DA:255,1
DA:256,1
DA:257,1
DA:258,1
DA:259,1
DA:260,1
DA:261,1
DA:262,1
DA:263,1
DA:264,1
DA:265,1
DA:266,1
DA:267,1
DA:268,1
DA:269,0
DA:270,0
DA:271,1
DA:272,1
DA:273,1
DA:274,1
DA:275,1
DA:276,1
DA:277,1
DA:278,1
DA:279,1
DA:280,1
DA:281,1
DA:282,1
DA:283,0
DA:284,0
DA:285,0
DA:286,0
DA:287,0
DA:288,0
DA:289,0
DA:290,0
DA:291,0
DA:292,0
DA:293,0
DA:294,0
DA:295,0
DA:296,0
DA:297,1
DA:298,1
DA:299,1
LF:299
LH:210
BRDA:24,0,0,25
BRDA:35,1,0,5
BRDA:37,2,0,24
BRDA:45,3,0,25
BRDA:45,4,0,1
BRDA:45,5,0,1
BRDA:52,6,0,24
BRDA:56,7,0,5
BRDA:76,8,0,5
BRDA:78,9,0,24
BRDA:79,10,0,0
BRDA:85,11,0,52
BRDA:89,12,0,26
BRDA:93,13,0,26
BRDA:94,14,0,25
BRDA:97,15,0,1
BRDA:123,16,0,52
BRDA:123,17,0,2
BRDA:126,18,0,12
BRDA:127,19,0,50
BRDA:129,20,0,0
BRDA:124,21,0,104
BRDA:139,22,0,1
BRDA:144,23,0,1
BRDA:149,24,0,1
BRDA:162,25,0,2
BRDA:165,26,0,3
BRDA:168,27,0,0
BRDA:163,28,0,5
BRDA:238,29,0,1
BRDA:245,30,0,0
BRDA:269,31,0,0
BRDA:275,32,0,1
BRF:33
BRH:28
end_of_record
TN:
SF:src/components/Mindmap/data/index.ts
FN:1,(empty-report)
FNF:1
FNH:0
FNDA:0,(empty-report)
DA:1,0
LF:1
LH:0
BRDA:1,0,0,0
BRF:1
BRH:0
end_of_record
TN:
SF:src/components/Mindmap/data/flextree/algorithm.ts
FN:19,Tree
FN:41,setExtremes
FN:54,bottom
FN:64,IYL
FN:71,updateIYL
FN:80,distributeExtra
FN:90,moveSubtree
FN:98,nextLeftContour
FN:102,nextRightContour
FN:106,setLeftThread
FN:120,setRightThread
FN:130,seperate
FN:173,positionRoot
FN:185,firstWalk
FN:203,addChildSpacing
FN:213,secondWalk
FN:223,layout
FNF:17
FNH:17
FNDA:51,Tree
FNDA:51,setExtremes
FNDA:178,bottom
FNDA:49,IYL
FNDA:49,updateIYL
FNDA:43,distributeExtra
FNDA:43,moveSubtree
FNDA:43,nextLeftContour
FNDA:43,nextRightContour
FNDA:4,setLeftThread
FNDA:11,setRightThread
FNDA:38,seperate
FNDA:11,positionRoot
FNDA:51,firstWalk
FNDA:51,addChildSpacing
FNDA:51,secondWalk
FNDA:2,layout
DA:1,1
DA:2,1
DA:3,1
DA:4,1
DA:5,1
DA:6,1
DA:7,1
DA:8,1
DA:9,1
DA:10,1
DA:11,1
DA:12,1
DA:13,1
DA:14,1
DA:15,1
DA:16,1
DA:17,1
DA:18,1
DA:19,1
DA:20,51
DA:21,51
DA:22,51
DA:23,51
DA:24,51
DA:25,51
DA:26,51
DA:27,51
DA:28,51
DA:29,51
DA:30,51
DA:31,51
DA:32,51
DA:33,51
DA:34,51
DA:35,51
DA:36,51
DA:37,51
DA:38,51
DA:39,1
DA:40,1
DA:41,51
DA:42,51
DA:43,40
DA:44,40
DA:45,40
DA:46,51
DA:47,11
DA:48,11
DA:49,11
DA:50,11
DA:51,11
DA:52,51
DA:53,1
DA:54,178
DA:55,178
DA:56,178
DA:57,1
DA:58,1
DA:59,1
DA:60,1
DA:61,1
DA:62,1
DA:63,1
DA:64,1
DA:65,49
DA:66,49
DA:67,49
DA:68,49
DA:69,1
DA:70,1
DA:71,49
DA:72,49
DA:73,49
DA:74,34
DA:75,34
DA:76,34
DA:77,49
DA:78,49
DA:79,1
DA:80,43
DA:81,43
DA:82,43
DA:83,3
DA:84,3
DA:85,3
DA:86,3
DA:87,3
DA:88,43
DA:89,1
DA:90,43
DA:91,43
DA:92,43
DA:93,43
DA:94,43
DA:95,43
DA:96,43
DA:97,1
DA:98,43
DA:99,43
DA:100,43
DA:101,1
DA:102,43
DA:103,43
DA:104,43
DA:105,1
DA:106,4
DA:107,4
DA:108,4
DA:109,4
DA:110,4
DA:111,4
DA:112,4
DA:113,4
DA:114,4
DA:115,4
DA:116,4
DA:117,4
DA:118,1
DA:119,1
DA:120,11
DA:121,11
DA:122,11
DA:123,11
DA:124,11
DA:125,11
DA:126,11
DA:127,11
DA:128,11
DA:129,1
DA:130,38
DA:131,38
DA:132,38
DA:133,38
DA:134,38
DA:135,38
DA:136,38
DA:137,38
DA:138,43
DA:139,3
DA:140,3
DA:141,43
DA:142,43
DA:143,43
DA:144,43
DA:145,43
DA:146,43
DA:147,43
DA:148,43
DA:149,43
DA:150,43
DA:151,43
DA:152,43
DA:153,16
DA:154,16
DA:155,43
DA:156,43
DA:157,43
DA:158,43
DA:159,9
DA:160,9
DA:161,43
DA:162,43
DA:163,38
DA:164,38
DA:165,38
DA:166,38
DA:167,4
DA:168,38
DA:169,11
DA:170,11
DA:171,38
DA:172,1
DA:173,11
DA:174,11
DA:175,11
DA:176,11
DA:177,11
DA:178,11
DA:179,11
DA:180,11
DA:181,11
DA:182,11
DA:183,11
DA:184,1
DA:185,51
DA:186,51
DA:187,40
DA:188,40
DA:189,40
DA:190,11
DA:191,11
DA:192,11
DA:193,51
DA:194,38
DA:195,38
DA:196,38
DA:197,38
DA:198,38
DA:199,11
DA:200,11
DA:201,11
DA:202,1
DA:203,51
DA:204,51
DA:205,51
DA:206,51
DA:207,49
DA:208,49
DA:209,49
DA:210,49
DA:211,51
DA:212,1
DA:213,51
DA:214,51
DA:215,51
DA:216,51
DA:217,51
DA:218,51
DA:219,49
DA:220,49
DA:221,51
DA:222,1
DA:223,2
DA:224,2
DA:225,2
DA:226,2
DA:227,1
DA:228,1
LF:228
LH:228
BRDA:1,0,0,1
BRDA:19,1,0,51
BRDA:41,2,0,51
BRDA:42,3,0,40
BRDA:46,4,0,11
BRDA:54,5,0,178
BRDA:60,6,0,1
BRDA:64,7,0,49
BRDA:71,8,0,49
BRDA:73,9,0,45
BRDA:73,10,0,34
BRDA:80,11,0,43
BRDA:82,12,0,3
BRDA:90,13,0,43
BRDA:98,14,0,43
BRDA:99,15,0,36
BRDA:99,16,0,7
BRDA:102,17,0,43
BRDA:103,18,0,36
BRDA:103,19,0,7
BRDA:106,20,0,4
BRDA:120,21,0,11
BRDA:130,22,0,38
BRDA:137,23,0,54
BRDA:137,24,0,43
BRDA:138,25,0,3
BRDA:152,26,0,16
BRDA:158,27,0,9
BRDA:166,28,0,27
BRDA:166,29,0,4
BRDA:168,30,0,34
BRDA:168,31,0,11
BRDA:168,32,0,11
BRDA:173,33,0,11
BRDA:185,34,0,51
BRDA:186,35,0,40
BRDA:190,36,0,11
BRDA:193,37,0,38
BRDA:199,38,0,11
BRDA:203,39,0,51
BRDA:206,40,0,49
BRDA:213,41,0,51
BRDA:218,42,0,49
BRDA:223,43,0,2
BRF:44
BRH:44
end_of_record
TN:
SF:src/components/Mindmap/data/flextree/helper.ts
FN:24,BoundingBox
FN:29,Object.<anonymous>.BoundingBox.addBoundingBox
FN:36,Object.<anonymous>.BoundingBox.removeBoundingBox
FN:43,Layout
FN:53,Object.<anonymous>.Layout.layout
FN:64,Object.<anonymous>.Layout.convert
FN:83,Object.<anonymous>.Layout.assignCoordinates
FN:99,Object.<anonymous>.Layout.getSize
FN:121,Object.<anonymous>.Layout.assignLayout
FNF:9
FNH:7
FNDA:1,BoundingBox
FNDA:51,Object.<anonymous>.BoundingBox.addBoundingBox
FNDA:51,Object.<anonymous>.BoundingBox.removeBoundingBox
FNDA:1,Layout
FNDA:2,Object.<anonymous>.Layout.layout
FNDA:51,Object.<anonymous>.Layout.convert
FNDA:0,Object.<anonymous>.Layout.assignCoordinates
FNDA:0,Object.<anonymous>.Layout.getSize
FNDA:51,Object.<anonymous>.Layout.assignLayout
DA:1,1
DA:2,1
DA:3,1
DA:4,1
DA:5,1
DA:6,1
DA:7,1
DA:8,1
DA:9,1
DA:10,1
DA:11,1
DA:12,1
DA:13,1
DA:14,1
DA:15,1
DA:16,1
DA:17,1
DA:18,1
DA:19,1
DA:20,1
DA:21,1
DA:22,1
DA:23,1
DA:24,1
DA:25,1
DA:26,1
DA:27,1
DA:28,1
DA:29,1
DA:30,51
DA:31,51
DA:32,1
DA:33,1
DA:34,1
DA:35,1
DA:36,1
DA:37,51
DA:38,51
DA:39,1
DA:40,1
DA:41,1
DA:42,1
DA:43,1
DA:44,1
DA:45,1
DA:46,1
DA:47,1
DA:48,1
DA:49,1
DA:50,1
DA:51,1
DA:52,1
DA:53,1
DA:54,2
DA:55,2
DA:56,2
DA:57,2
DA:58,2
DA:59,2
DA:60,1
DA:61,1
DA:62,1
DA:63,1
DA:64,1
DA:65,51
DA:66,51
DA:67,51
DA:68,51
DA:69,51
DA:70,51
DA:71,11
DA:72,49
DA:73,49
DA:74,11
DA:75,51
DA:76,51
DA:77,51
DA:78,1
DA:79,1
DA:80,1
DA:81,1
DA:82,1
DA:83,1
DA:84,0
DA:85,0
DA:86,0
DA:87,0
DA:88,0
DA:89,0
DA:90,0
DA:91,1
DA:92,1
DA:93,1
DA:94,1
DA:95,1
DA:96,1
DA:97,1
DA:98,1
DA:99,1
DA:100,0
DA:101,0
DA:102,0
DA:103,0
DA:104,0
DA:105,0
DA:106,0
DA:107,0
DA:108,0
DA:109,0
DA:110,0
DA:111,0
DA:112,0
DA:113,0
DA:114,0
DA:115,0
DA:116,0
DA:117,1
DA:118,1
DA:119,1
DA:120,1
DA:121,1
DA:122,51
DA:123,51
DA:124,51
DA:125,51
DA:126,51
DA:127,51
DA:128,2
DA:129,2
DA:130,51
DA:131,51
DA:132,51
DA:133,51
DA:134,51
DA:135,51
DA:136,49
DA:137,49
DA:138,51
DA:139,51
DA:140,51
DA:141,1
LF:141
LH:117
BRDA:17,0,0,1
BRDA:24,1,0,1
BRDA:29,2,0,51
BRDA:36,3,0,51
BRDA:41,4,0,1
BRDA:43,5,0,1
BRDA:53,6,0,2
BRDA:64,7,0,51
BRDA:64,8,0,2
BRDA:70,9,0,11
BRDA:70,10,0,11
BRDA:71,11,0,49
BRDA:121,12,0,51
BRDA:127,13,0,2
BRDA:135,14,0,49
BRF:15
BRH:15
end_of_record
TN:
SF:src/components/Mindmap/data/flextree/index.ts
FN:4,get
FN:4,get
FN:4,get
FNF:3
FNH:2
FNDA:0,get
FNDA:1,get
FNDA:1,get
DA:1,1
DA:2,1
DA:3,1
DA:4,1
LF:4
LH:4
BRDA:4,0,0,1
BRDA:4,1,0,1
BRF:2
BRH:2
end_of_record
TN:
SF:src/components/Mindmap/draw/index.ts
FN:1,(empty-report)
FNF:1
FNH:0
FNDA:0,(empty-report)
DA:1,0
DA:2,0
DA:3,0
DA:4,0
DA:5,0
DA:6,0
DA:7,0
DA:8,0
DA:9,0
DA:10,0
DA:11,0
DA:12,0
DA:13,0
DA:14,0
DA:15,0
DA:16,0
DA:17,0
DA:18,0
DA:19,0
DA:20,0
DA:21,0
DA:22,0
DA:23,0
DA:24,0
DA:25,0
DA:26,0
DA:27,0
LF:27
LH:0
BRDA:1,0,0,0
BRF:1
BRH:0
end_of_record
